[debug] [2022-02-13T01:24:53.465Z] ----------------------------------------------------------------------
[debug] [2022-02-13T01:24:53.466Z] Command:       C:\Program Files\nodejs\node.exe C:\Users\tonda\AppData\Roaming\npm\node_modules\firebase-tools\lib\bin\firebase.js hosting:channel:deploy hadej1
[debug] [2022-02-13T01:24:53.467Z] CLI Version:   10.1.2
[debug] [2022-02-13T01:24:53.467Z] Platform:      win32
[debug] [2022-02-13T01:24:53.467Z] Node Version:  v16.13.0
[debug] [2022-02-13T01:24:53.468Z] Time:          Sun Feb 13 2022 02:24:53 GMT+0100 (Středoevropský standardní čas)
[debug] [2022-02-13T01:24:53.468Z] ----------------------------------------------------------------------
[debug] 
[debug] [2022-02-13T01:24:53.471Z] >>> [apiv2][query] GET https://firebase-public.firebaseio.com/cli.json [none]
[debug] [2022-02-13T01:24:53.535Z] > command requires scopes: ["email","openid","https://www.googleapis.com/auth/cloudplatformprojects.readonly","https://www.googleapis.com/auth/firebase","https://www.googleapis.com/auth/cloud-platform"]
[debug] [2022-02-13T01:24:53.535Z] > authorizing via signed-in user (tonda.kmoch@gmail.com)
[debug] [2022-02-13T01:24:53.535Z] [iam] checking project wordle-cz for permissions ["firebase.projects.get","firebasehosting.sites.update"]
[debug] [2022-02-13T01:24:53.537Z] > refreshing access token with scopes: ["email","https://www.googleapis.com/auth/cloud-platform","https://www.googleapis.com/auth/cloudplatformprojects.readonly","https://www.googleapis.com/auth/firebase","openid"]
[debug] [2022-02-13T01:24:53.537Z] >>> HTTP REQUEST POST https://www.googleapis.com/oauth2/v3/token  
 <request body omitted>
[debug] [2022-02-13T01:24:53.690Z] <<< HTTP RESPONSE 200 {"date":"Sun, 13 Feb 2022 01:24:54 GMT","cache-control":"no-cache, no-store, max-age=0, must-revalidate","expires":"Mon, 01 Jan 1990 00:00:00 GMT","pragma":"no-cache","content-type":"application/json; charset=utf-8","vary":"X-Origin, Referer, Origin,Accept-Encoding","server":"scaffolding on HTTPServer2","x-xss-protection":"0","x-frame-options":"SAMEORIGIN","x-content-type-options":"nosniff","alt-svc":"h3=\":443\"; ma=2592000,h3-29=\":443\"; ma=2592000,h3-Q050=\":443\"; ma=2592000,h3-Q046=\":443\"; ma=2592000,h3-Q043=\":443\"; ma=2592000,quic=\":443\"; ma=2592000; v=\"46,43\"","accept-ranges":"none","transfer-encoding":"chunked"}
[debug] [2022-02-13T01:24:53.698Z] >>> HTTP REQUEST POST https://cloudresourcemanager.googleapis.com/v1/projects/wordle-cz:testIamPermissions  
 {"permissions":["firebase.projects.get","firebasehosting.sites.update"]}
[debug] [2022-02-13T01:24:53.962Z] <<< [apiv2][status] GET https://firebase-public.firebaseio.com/cli.json 200
[debug] [2022-02-13T01:24:53.962Z] <<< [apiv2][body] GET https://firebase-public.firebaseio.com/cli.json {"cloudBuildErrorAfter":1594252800000,"cloudBuildWarnAfter":1590019200000,"defaultNode10After":1594252800000,"minVersion":"3.0.5","node8DeploysDisabledAfter":1613390400000,"node8RuntimeDisabledAfter":1615809600000,"node8WarnAfter":1600128000000}
[debug] [2022-02-13T01:24:54.440Z] <<< HTTP RESPONSE 200 {"content-type":"application/json; charset=UTF-8","vary":"X-Origin, Referer, Origin,Accept-Encoding","date":"Sun, 13 Feb 2022 01:24:55 GMT","server":"ESF","cache-control":"private","x-xss-protection":"0","x-frame-options":"SAMEORIGIN","x-content-type-options":"nosniff","server-timing":"gfet4t7; dur=649","alt-svc":"h3=\":443\"; ma=2592000,h3-29=\":443\"; ma=2592000,h3-Q050=\":443\"; ma=2592000,h3-Q046=\":443\"; ma=2592000,h3-Q043=\":443\"; ma=2592000,quic=\":443\"; ma=2592000; v=\"46,43\"","accept-ranges":"none","transfer-encoding":"chunked"}
[debug] [2022-02-13T01:24:54.440Z] > refreshing access token with scopes: []
[debug] [2022-02-13T01:24:54.440Z] >>> HTTP REQUEST POST https://www.googleapis.com/oauth2/v3/token  
 <request body omitted>
[debug] [2022-02-13T01:24:54.540Z] <<< HTTP RESPONSE 200 {"pragma":"no-cache","date":"Sun, 13 Feb 2022 01:24:55 GMT","cache-control":"no-cache, no-store, max-age=0, must-revalidate","expires":"Mon, 01 Jan 1990 00:00:00 GMT","content-type":"application/json; charset=utf-8","vary":"X-Origin, Referer, Origin,Accept-Encoding","server":"scaffolding on HTTPServer2","x-xss-protection":"0","x-frame-options":"SAMEORIGIN","x-content-type-options":"nosniff","alt-svc":"h3=\":443\"; ma=2592000,h3-29=\":443\"; ma=2592000,h3-Q050=\":443\"; ma=2592000,h3-Q046=\":443\"; ma=2592000,h3-Q043=\":443\"; ma=2592000,quic=\":443\"; ma=2592000; v=\"46,43\"","accept-ranges":"none","transfer-encoding":"chunked"}
[debug] [2022-02-13T01:24:54.558Z] >>> [apiv2][query] GET https://firebase.googleapis.com/v1beta1/projects/wordle-cz [none]
[debug] [2022-02-13T01:24:54.873Z] <<< [apiv2][status] GET https://firebase.googleapis.com/v1beta1/projects/wordle-cz 200
[debug] [2022-02-13T01:24:54.874Z] <<< [apiv2][body] GET https://firebase.googleapis.com/v1beta1/projects/wordle-cz {"projectId":"wordle-cz","projectNumber":"474314331888","displayName":"wordle-cz","name":"projects/wordle-cz","resources":{"hostingSite":"wordle-cz","realtimeDatabaseInstance":"wordle-cz-default-rtdb","storageBucket":"wordle-cz.appspot.com","locationId":"europe-west"},"state":"ACTIVE"}
[debug] [2022-02-13T01:24:54.875Z] >>> [apiv2][query] GET https://firebasehosting.googleapis.com/v1beta1/projects/wordle-cz/sites/wordle-cz/channels/hadej1 [none]
[debug] [2022-02-13T01:24:55.789Z] <<< [apiv2][status] GET https://firebasehosting.googleapis.com/v1beta1/projects/wordle-cz/sites/wordle-cz/channels/hadej1 200
[debug] [2022-02-13T01:24:55.790Z] <<< [apiv2][body] GET https://firebasehosting.googleapis.com/v1beta1/projects/wordle-cz/sites/wordle-cz/channels/hadej1 {"name":"projects/474314331888/sites/wordle-cz/channels/hadej1","url":"https://wordle-cz--hadej1-1ya9rrky.web.app","release":{"name":"projects/474314331888/sites/wordle-cz/channels/hadej1/releases/1644353784771994","version":{"name":"projects/474314331888/sites/wordle-cz/versions/6836a6350a9cdc1b","status":"FINALIZED","config":{"headers":[{"headers":{"Cache-Control":"no-cache, no-store, must-revalidate"},"glob":"/**"}],"rewrites":[{"glob":"**","path":"/index.html"}]},"labels":{"deployment-tool":"cli-firebase"},"createTime":"2022-02-08T20:56:19.746336Z","createUser":{"email":"tonda.kmoch@gmail.com"},"finalizeTime":"2022-02-08T20:56:24.379036Z","finalizeUser":{"email":"tonda.kmoch@gmail.com"},"fileCount":"15","versionBytes":"773099"},"type":"DEPLOY","releaseTime":"2022-02-08T20:56:24.771994685Z","releaseUser":{"email":"tonda.kmoch@gmail.com"}},"createTime":"2022-01-15T22:42:14.151704102Z","updateTime":"2022-02-08T20:56:24.771994685Z","retainedReleaseCount":10,"expireTime":"2022-02-15T20:56:18.597292295Z"}
[debug] [2022-02-13T01:24:55.790Z] [hosting] found existing channel for site wordle-cz {"name":"projects/474314331888/sites/wordle-cz/channels/hadej1","url":"https://wordle-cz--hadej1-1ya9rrky.web.app","release":{"name":"projects/474314331888/sites/wordle-cz/channels/hadej1/releases/1644353784771994","version":{"name":"projects/474314331888/sites/wordle-cz/versions/6836a6350a9cdc1b","status":"FINALIZED","config":{"headers":[{"headers":{"Cache-Control":"no-cache, no-store, must-revalidate"},"glob":"/**"}],"rewrites":[{"glob":"**","path":"/index.html"}]},"labels":{"deployment-tool":"cli-firebase"},"createTime":"2022-02-08T20:56:19.746336Z","createUser":{"email":"tonda.kmoch@gmail.com"},"finalizeTime":"2022-02-08T20:56:24.379036Z","finalizeUser":{"email":"tonda.kmoch@gmail.com"},"fileCount":"15","versionBytes":"773099"},"type":"DEPLOY","releaseTime":"2022-02-08T20:56:24.771994685Z","releaseUser":{"email":"tonda.kmoch@gmail.com"}},"createTime":"2022-01-15T22:42:14.151704102Z","updateTime":"2022-02-08T20:56:24.771994685Z","retainedReleaseCount":10,"expireTime":"2022-02-15T20:56:18.597292295Z"}
[debug] [2022-02-13T01:24:55.790Z] >>> [apiv2][query] PATCH https://firebasehosting.googleapis.com/v1beta1/projects/wordle-cz/sites/wordle-cz/channels/hadej1 updateMask=ttl
[debug] [2022-02-13T01:24:55.790Z] >>> [apiv2][body] PATCH https://firebasehosting.googleapis.com/v1beta1/projects/wordle-cz/sites/wordle-cz/channels/hadej1 {"ttl":"604800s"}
[debug] [2022-02-13T01:24:56.939Z] <<< [apiv2][status] PATCH https://firebasehosting.googleapis.com/v1beta1/projects/wordle-cz/sites/wordle-cz/channels/hadej1 200
[debug] [2022-02-13T01:24:56.939Z] <<< [apiv2][body] PATCH https://firebasehosting.googleapis.com/v1beta1/projects/wordle-cz/sites/wordle-cz/channels/hadej1 {"name":"projects/474314331888/sites/wordle-cz/channels/hadej1","url":"https://wordle-cz--hadej1-1ya9rrky.web.app","release":{"name":"projects/474314331888/sites/wordle-cz/channels/hadej1/releases/1644353784771994","version":{"name":"projects/474314331888/sites/wordle-cz/versions/6836a6350a9cdc1b","status":"FINALIZED","config":{"headers":[{"headers":{"Cache-Control":"no-cache, no-store, must-revalidate"},"glob":"/**"}],"rewrites":[{"glob":"**","path":"/index.html"}]},"labels":{"deployment-tool":"cli-firebase"},"createTime":"2022-02-08T20:56:19.746336Z","createUser":{"email":"tonda.kmoch@gmail.com"},"finalizeTime":"2022-02-08T20:56:24.379036Z","finalizeUser":{"email":"tonda.kmoch@gmail.com"},"fileCount":"15","versionBytes":"773099"},"type":"DEPLOY","releaseTime":"2022-02-08T20:56:24.771994685Z","releaseUser":{"email":"tonda.kmoch@gmail.com"}},"createTime":"2022-01-15T22:42:14.151704102Z","updateTime":"2022-02-13T01:24:57.228972221Z","retainedReleaseCount":10,"expireTime":"2022-02-20T01:24:57.228972221Z"}
[debug] [2022-02-13T01:24:56.939Z] [hosting] updated TTL for existing channel for site wordle-cz {"name":"projects/474314331888/sites/wordle-cz/channels/hadej1","url":"https://wordle-cz--hadej1-1ya9rrky.web.app","release":{"name":"projects/474314331888/sites/wordle-cz/channels/hadej1/releases/1644353784771994","version":{"name":"projects/474314331888/sites/wordle-cz/versions/6836a6350a9cdc1b","status":"FINALIZED","config":{"headers":[{"headers":{"Cache-Control":"no-cache, no-store, must-revalidate"},"glob":"/**"}],"rewrites":[{"glob":"**","path":"/index.html"}]},"labels":{"deployment-tool":"cli-firebase"},"createTime":"2022-02-08T20:56:19.746336Z","createUser":{"email":"tonda.kmoch@gmail.com"},"finalizeTime":"2022-02-08T20:56:24.379036Z","finalizeUser":{"email":"tonda.kmoch@gmail.com"},"fileCount":"15","versionBytes":"773099"},"type":"DEPLOY","releaseTime":"2022-02-08T20:56:24.771994685Z","releaseUser":{"email":"tonda.kmoch@gmail.com"}},"createTime":"2022-01-15T22:42:14.151704102Z","updateTime":"2022-02-13T01:24:57.228972221Z","retainedReleaseCount":10,"expireTime":"2022-02-20T01:24:57.228972221Z"}
[info] 
[info] === Deploying to 'wordle-cz'...
[info] 
[info] i  deploying hosting 
[debug] [2022-02-13T01:24:56.943Z] > refreshing access token with scopes: ["email","https://www.googleapis.com/auth/cloud-platform","https://www.googleapis.com/auth/cloudplatformprojects.readonly","https://www.googleapis.com/auth/firebase","openid"]
[debug] [2022-02-13T01:24:56.943Z] >>> HTTP REQUEST POST https://www.googleapis.com/oauth2/v3/token  
 <request body omitted>
[debug] [2022-02-13T01:24:57.041Z] <<< HTTP RESPONSE 200 {"date":"Sun, 13 Feb 2022 01:24:57 GMT","cache-control":"no-cache, no-store, max-age=0, must-revalidate","pragma":"no-cache","expires":"Mon, 01 Jan 1990 00:00:00 GMT","content-type":"application/json; charset=utf-8","vary":"X-Origin, Referer, Origin,Accept-Encoding","server":"scaffolding on HTTPServer2","x-xss-protection":"0","x-frame-options":"SAMEORIGIN","x-content-type-options":"nosniff","alt-svc":"h3=\":443\"; ma=2592000,h3-29=\":443\"; ma=2592000,h3-Q050=\":443\"; ma=2592000,h3-Q046=\":443\"; ma=2592000,h3-Q043=\":443\"; ma=2592000,quic=\":443\"; ma=2592000; v=\"46,43\"","accept-ranges":"none","transfer-encoding":"chunked"}
[debug] [2022-02-13T01:24:57.059Z] >>> HTTP REQUEST POST https://firebasehosting.googleapis.com/v1beta1/sites/wordle-cz/versions  
 {"config":{"rewrites":[{"glob":"**","path":"/index.html"}],"headers":[{"glob":"/**","headers":{"Cache-Control":"no-cache, no-store, must-revalidate"}}]},"labels":{"deployment-tool":"cli-firebase"}}
